<?xml version="1.0" encoding="UTF-8"?>
<testsuite name="com.linkedList.MyNodeTest" tests="1" skipped="0" failures="0" errors="0" timestamp="2021-05-02T03:33:16" hostname="RAKESH" time="0.027">
  <properties/>
  <testcase name="given3NumbersWhenLinkedShouldPassedLinkedListTest()" classname="com.linkedList.MyNodeTest" time="0.027"/>
  <system-out><![CDATA[]]></system-out>
  <system-err><![CDATA[]]></system-err>
</testsuite>
