<?xml version="1.0" encoding="UTF-8"?>
<testsuite name="com.queue.MyQueueTest" tests="1" skipped="0" failures="0" errors="0" timestamp="2021-05-03T02:18:53" hostname="RAKESH" time="0.029">
  <properties/>
  <testcase name="given3NumbersWhenAddedToQueueShouldHaveFirstAddedNode()" classname="com.queue.MyQueueTest" time="0.029"/>
  <system-out><![CDATA[My Nodes: 56->30->70
]]></system-out>
  <system-err><![CDATA[]]></system-err>
</testsuite>
