<?xml version="1.0" encoding="UTF-8"?>
<testsuite name="com.linkedList.MyLinkedListTest" tests="1" skipped="0" failures="0" errors="0" timestamp="2021-05-02T06:01:40" hostname="RAKESH" time="0.027">
  <properties/>
  <testcase name="givenFirstElementWhenDeletedShouldPassLinkedListResult()" classname="com.linkedList.MyLinkedListTest" time="0.027"/>
  <system-out><![CDATA[My Nodes: 56->30->70
My Nodes: 30->70
]]></system-out>
  <system-err><![CDATA[]]></system-err>
</testsuite>
